<?xml version="1.0" encoding="UTF-8"?>
<testng-results ignored="0" total="2" passed="2" failed="0" skipped="0">
  <reporter-output>
  </reporter-output>
  <suite started-at="2022-03-20T20:55:07Z" name="Default suite" finished-at="2022-03-20T20:55:08Z" duration-ms="855">
    <groups>
      <group name="cucumber">
        <method signature="AbstractTestNGCucumberTests.runScenario(io.cucumber.testng.PickleWrapper, io.cucumber.testng.FeatureWrapper)[pri:0, instance:com.applesearch.runners.TestRunner@b978d10]" name="runScenario" class="io.cucumber.testng.AbstractTestNGCucumberTests"/>
      </group> <!-- cucumber -->
    </groups>
    <test started-at="2022-03-20T20:55:07Z" name="Default test" finished-at="2022-03-20T20:55:08Z" duration-ms="855">
      <class name="com.applesearch.runners.TestRunner">
        <test-method is-config="true" signature="setUpClass()[pri:0, instance:com.applesearch.runners.TestRunner@b978d10]" started-at="2022-03-20T20:55:07Z" name="setUpClass" finished-at="2022-03-20T20:55:08Z" duration-ms="537" status="PASS">
          <reporter-output>
          </reporter-output>
        </test-method> <!-- setUpClass -->
        <test-method signature="runScenario(io.cucumber.testng.PickleWrapper, io.cucumber.testng.FeatureWrapper)[pri:0, instance:com.applesearch.runners.TestRunner@b978d10]" started-at="2022-03-20T20:55:08Z" name="runScenario" description="Runs Cucumber Scenarios" data-provider="scenarios" finished-at="2022-03-20T20:55:08Z" duration-ms="233" status="PASS">
          <params>
            <param index="0">
              <value>
                <![CDATA["simple keyword search"]]>
              </value>
            </param>
            <param index="1">
              <value>
                <![CDATA["Optional[perform an apple search]"]]>
              </value>
            </param>
          </params>
          <reporter-output>
          </reporter-output>
        </test-method> <!-- runScenario -->
        <test-method signature="runScenario(io.cucumber.testng.PickleWrapper, io.cucumber.testng.FeatureWrapper)[pri:0, instance:com.applesearch.runners.TestRunner@b978d10]" started-at="2022-03-20T20:55:08Z" name="runScenario" description="Runs Cucumber Scenarios" data-provider="scenarios" finished-at="2022-03-20T20:55:08Z" duration-ms="16" status="PASS">
          <params>
            <param index="0">
              <value>
                <![CDATA["simple keyword search"]]>
              </value>
            </param>
            <param index="1">
              <value>
                <![CDATA["Optional[perform an apple search]"]]>
              </value>
            </param>
          </params>
          <reporter-output>
          </reporter-output>
        </test-method> <!-- runScenario -->
        <test-method is-config="true" signature="tearDownClass()[pri:0, instance:com.applesearch.runners.TestRunner@b978d10]" started-at="2022-03-20T20:55:08Z" name="tearDownClass" finished-at="2022-03-20T20:55:08Z" duration-ms="22" status="PASS">
          <reporter-output>
          </reporter-output>
        </test-method> <!-- tearDownClass -->
      </class> <!-- com.applesearch.runners.TestRunner -->
    </test> <!-- Default test -->
  </suite> <!-- Default suite -->
</testng-results>
